7000
9758
6990
6898
6992
6997
7014
7002
9988
7028
7013
7008
7025
8264
7026
5837
6903
7031
7036
7058
7062
7061
7068
7071
7072
7064
7077
6909
7092
7460
7419
766
9944
7106
7103
7107
6915
7117
7109
7119
7125
9762
9941
7138
7133
6919
7143
7147
430
6922
7163
9995
7165
6924
7162
9962
9963
9964
9965
9966
9968
9969
9952
10008
10009
10010
9970
10017
9974
9975
9976
9978
9985
9939
9955
9956
10005
9957
9960
9980
9981
9983
9984
8312
10012
7181
7424
7177
763
10006
8420
7192
6926
7199
6931
7209
9990
7218
6932
10013
7217
7520
9946
7255
7244
6938
6940
7430
9993
772
9996
6945
7268
7258
7276
7280
7287
7288
9947
8354
7298
8357
7523
7306
9948
6951
6956
9949
6958
7314
8366
7471
7319
7320
7514
7323
9997
6961
7332
7333
7344
7337
7343
6967
9998
7347
7342
7349
7356
6970
7372
9999
10001
10002
7378
6975
7383
9991
7384
9950
7387
7394
7404
6979
9766
7411
6981
6982
10014
10011
768
6984
